app/build/intermediates/manifest_merge_blame_file/debug/manifest-merger-blame-debug-report.txt
1<?xml version="1.0" encoding="utf-8"?>
2<manifest xmlns:android="http://schemas.android.com/apk/res/android"
3    package="com.example.horoscope2"
4    android:versionCode="1"
5    android:versionName="1.0" >
6
7    <uses-sdk
8        android:minSdkVersion="21"
8-->src\main\AndroidManifest.xml
9        android:targetSdkVersion="30" />
9-->src\main\AndroidManifest.xml
10
11    <uses-permission android:name="android.permission.INTERNET" />
11-->src\main\AndroidManifest.xml:5:5-66
11-->src\main\AndroidManifest.xml:5:22-64
12    <uses-permission android:name="android.permission.WRITE_EXTERNAL_STORAGE" />
12-->src\main\AndroidManifest.xml:34:5-81
12-->src\main\AndroidManifest.xml:34:22-78
13    <uses-permission android:name="android.hardware.camera2.full" />
13-->src\main\AndroidManifest.xml:35:5-69
13-->src\main\AndroidManifest.xml:35:22-66
14    <uses-permission android:name="android.permission.CAMERA" />
14-->src\main\AndroidManifest.xml:37:5-65
14-->src\main\AndroidManifest.xml:37:22-62
15    <uses-permission android:name="android.permission.ACCESS_NETWORK_STATE" />
15-->[com.google.firebase:firebase-iid:20.1.5] AndroidManifest.xml:22:5-79
15-->[com.google.firebase:firebase-iid:20.1.5] AndroidManifest.xml:22:22-76
16    <uses-permission android:name="android.permission.WAKE_LOCK" /> <!-- Required by older versions of Google Play services to create IID tokens -->
16-->[com.google.firebase:firebase-iid:20.1.5] AndroidManifest.xml:24:5-68
16-->[com.google.firebase:firebase-iid:20.1.5] AndroidManifest.xml:24:22-65
17    <uses-permission android:name="com.google.android.c2dm.permission.RECEIVE" />
17-->[com.google.firebase:firebase-iid:20.1.5] AndroidManifest.xml:26:5-82
17-->[com.google.firebase:firebase-iid:20.1.5] AndroidManifest.xml:26:22-79
18
19    <application
19-->src\main\AndroidManifest.xml:7:5-33:19
20        android:name="com.example.horoscope2.GlobalActivity"
20-->src\main\AndroidManifest.xml:8:9-39
21        android:allowBackup="true"
21-->src\main\AndroidManifest.xml:9:9-35
22        android:appComponentFactory="androidx.core.app.CoreComponentFactory"
22-->[androidx.core:core:1.1.0] AndroidManifest.xml:24:18-86
23        android:debuggable="true"
24        android:icon="@mipmap/ic_launcher"
24-->src\main\AndroidManifest.xml:10:9-43
25        android:label="@string/app_name"
25-->src\main\AndroidManifest.xml:11:9-41
26        android:roundIcon="@mipmap/ic_launcher_round"
26-->src\main\AndroidManifest.xml:12:9-54
27        android:supportsRtl="true"
27-->src\main\AndroidManifest.xml:13:9-35
28        android:testOnly="true"
29        android:theme="@style/AppTheme" >
29-->src\main\AndroidManifest.xml:14:9-40
30        <activity android:name="com.example.horoscope2.HoroscopeResultActivity" />
30-->src\main\AndroidManifest.xml:15:9-61
30-->src\main\AndroidManifest.xml:15:19-58
31        <activity android:name="com.example.horoscope2.ImageLabelingActivity" />
31-->src\main\AndroidManifest.xml:16:9-59
31-->src\main\AndroidManifest.xml:16:19-56
32        <activity android:name="com.example.horoscope2.ChatActivity" />
32-->src\main\AndroidManifest.xml:17:9-50
32-->src\main\AndroidManifest.xml:17:19-47
33        <activity android:name="com.example.horoscope2.FaceScanActivity" />
33-->src\main\AndroidManifest.xml:18:9-54
33-->src\main\AndroidManifest.xml:18:19-51
34        <activity android:name="com.example.horoscope2.TryFullAccessActivity" />
34-->src\main\AndroidManifest.xml:19:9-59
34-->src\main\AndroidManifest.xml:19:19-56
35        <activity android:name="com.example.horoscope2.HoroscopeActivity" />
35-->src\main\AndroidManifest.xml:20:9-55
35-->src\main\AndroidManifest.xml:20:19-52
36        <activity android:name="com.example.horoscope2.PrincipalActivity" >
36-->src\main\AndroidManifest.xml:21:9-27:20
36-->src\main\AndroidManifest.xml:21:19-52
37            <intent-filter>
37-->src\main\AndroidManifest.xml:22:13-26:29
38                <action android:name="android.intent.action.MAIN" />
38-->src\main\AndroidManifest.xml:23:17-69
38-->src\main\AndroidManifest.xml:23:25-66
39
40                <category android:name="android.intent.category.LAUNCHER" />
40-->src\main\AndroidManifest.xml:25:17-77
40-->src\main\AndroidManifest.xml:25:27-74
41            </intent-filter>
42        </activity>
43        <activity android:name="com.example.horoscope2.MainActivity" />
43-->src\main\AndroidManifest.xml:28:9-50
43-->src\main\AndroidManifest.xml:28:19-47
44
45        <meta-data
45-->src\main\AndroidManifest.xml:30:9-32:37
46            android:name="com.google.firebase.ml.vision.DEPENDENCIES"
46-->src\main\AndroidManifest.xml:31:13-70
47            android:value="label" />
47-->src\main\AndroidManifest.xml:32:13-34
48
49        <service
49-->[com.google.firebase:firebase-ml-vision:24.0.3] AndroidManifest.xml:9:9-15:19
50            android:name="com.google.firebase.components.ComponentDiscoveryService"
50-->[com.google.firebase:firebase-ml-vision:24.0.3] AndroidManifest.xml:10:13-84
51            android:directBootAware="true"
51-->[com.google.firebase:firebase-common:19.3.0] AndroidManifest.xml:34:13-43
52            android:exported="false" >
52-->[com.google.firebase:firebase-ml-vision:24.0.3] AndroidManifest.xml:11:13-37
53            <meta-data
53-->[com.google.firebase:firebase-ml-vision:24.0.3] AndroidManifest.xml:12:13-14:85
54                android:name="com.google.firebase.components:com.google.firebase.ml.vision.VisionRegistrar"
54-->[com.google.firebase:firebase-ml-vision:24.0.3] AndroidManifest.xml:13:17-108
55                android:value="com.google.firebase.components.ComponentRegistrar" />
55-->[com.google.firebase:firebase-ml-vision:24.0.3] AndroidManifest.xml:14:17-82
56            <meta-data
56-->[com.google.firebase:firebase-ml-common:22.1.1] AndroidManifest.xml:11:13-13:85
57                android:name="com.google.firebase.components:com.google.firebase.ml.common.CommonComponentRegistrar"
57-->[com.google.firebase:firebase-ml-common:22.1.1] AndroidManifest.xml:12:17-117
58                android:value="com.google.firebase.components.ComponentRegistrar" />
58-->[com.google.firebase:firebase-ml-common:22.1.1] AndroidManifest.xml:13:17-82
59            <meta-data
59-->[com.google.firebase:firebase-iid:20.1.5] AndroidManifest.xml:32:13-34:85
60                android:name="com.google.firebase.components:com.google.firebase.iid.Registrar"
60-->[com.google.firebase:firebase-iid:20.1.5] AndroidManifest.xml:33:17-96
61                android:value="com.google.firebase.components.ComponentRegistrar" />
61-->[com.google.firebase:firebase-iid:20.1.5] AndroidManifest.xml:34:17-82
62            <meta-data
62-->[com.google.firebase:firebase-installations:16.2.1] AndroidManifest.xml:17:13-19:85
63                android:name="com.google.firebase.components:com.google.firebase.installations.FirebaseInstallationsRegistrar"
63-->[com.google.firebase:firebase-installations:16.2.1] AndroidManifest.xml:18:17-127
64                android:value="com.google.firebase.components.ComponentRegistrar" />
64-->[com.google.firebase:firebase-installations:16.2.1] AndroidManifest.xml:19:17-82
65        </service>
66
67        <receiver
67-->[com.google.firebase:firebase-iid:20.1.5] AndroidManifest.xml:37:9-44:20
68            android:name="com.google.firebase.iid.FirebaseInstanceIdReceiver"
68-->[com.google.firebase:firebase-iid:20.1.5] AndroidManifest.xml:38:13-78
69            android:exported="true"
69-->[com.google.firebase:firebase-iid:20.1.5] AndroidManifest.xml:39:13-36
70            android:permission="com.google.android.c2dm.permission.SEND" >
70-->[com.google.firebase:firebase-iid:20.1.5] AndroidManifest.xml:40:13-73
71            <intent-filter>
71-->[com.google.firebase:firebase-iid:20.1.5] AndroidManifest.xml:41:13-43:29
72                <action android:name="com.google.android.c2dm.intent.RECEIVE" />
72-->[com.google.firebase:firebase-iid:20.1.5] AndroidManifest.xml:42:17-81
72-->[com.google.firebase:firebase-iid:20.1.5] AndroidManifest.xml:42:25-78
73            </intent-filter>
74        </receiver>
75
76        <activity
76-->[com.google.android.gms:play-services-base:17.0.0] AndroidManifest.xml:23:9-26:75
77            android:name="com.google.android.gms.common.api.GoogleApiActivity"
77-->[com.google.android.gms:play-services-base:17.0.0] AndroidManifest.xml:24:13-79
78            android:exported="false"
78-->[com.google.android.gms:play-services-base:17.0.0] AndroidManifest.xml:25:13-37
79            android:theme="@android:style/Theme.Translucent.NoTitleBar" />
79-->[com.google.android.gms:play-services-base:17.0.0] AndroidManifest.xml:26:13-72
80
81        <provider
81-->[com.google.firebase:firebase-common:19.3.0] AndroidManifest.xml:26:9-30:39
82            android:name="com.google.firebase.provider.FirebaseInitProvider"
82-->[com.google.firebase:firebase-common:19.3.0] AndroidManifest.xml:27:13-77
83            android:authorities="com.example.horoscope2.firebaseinitprovider"
83-->[com.google.firebase:firebase-common:19.3.0] AndroidManifest.xml:28:13-72
84            android:exported="false"
84-->[com.google.firebase:firebase-common:19.3.0] AndroidManifest.xml:29:13-37
85            android:initOrder="100" />
85-->[com.google.firebase:firebase-common:19.3.0] AndroidManifest.xml:30:13-36
86
87        <meta-data
87-->[com.google.android.gms:play-services-basement:17.0.0] AndroidManifest.xml:23:9-25:69
88            android:name="com.google.android.gms.version"
88-->[com.google.android.gms:play-services-basement:17.0.0] AndroidManifest.xml:24:13-58
89            android:value="@integer/google_play_services_version" />
89-->[com.google.android.gms:play-services-basement:17.0.0] AndroidManifest.xml:25:13-66
90    </application>
91
92</manifest>